# JRE version: Java(TM) SE Runtime Environment (21.0.1+12) (build 21.0.1+12-LTS-29)
# Java VM: Java HotSpot(TM) 64-Bit Server VM (21.0.1+12-LTS-29, mixed mode, sharing, tiered, compressed oops, compressed class ptrs, g1 gc, windows-amd64)
GC Precious Log:
 CardTable entry size: 512
 Card Set container configuration: InlinePtr #cards 5 size 8 Array Of Cards #cards 12 size 40 Howl #buckets 4 coarsen threshold 1843 Howl Bitmap #cards 512 size 80 coarsen threshold 460 Card regions per heap region 1 cards per card region 2048
 CPUs: 8 total, 8 available
 Memory: 16193M
 Large Page Support: Disabled
 NUMA Support: Disabled
 Compressed Oops: Enabled (32-bit)
 Heap Region Size: 1M
 Heap Min Capacity: 8M
 Heap Initial Capacity: 254M
 Heap Max Capacity: 2G
 Pre-touch: Disabled
 Parallel Workers: 8
 Concurrent Workers: 2
 Concurrent Refinement Workers: 8
 Periodic GC: Disabled
Heap:
 garbage-first heap   total 92160K, used 53624K [0x0000000080000000, 0x0000000100000000)
  region size 1024K, 20 young (20480K), 6 survivors (6144K)
 Metaspace       used 45807K, committed 47424K, reserved 491520K
  class space    used 6476K, committed 7296K, reserved 425984K
GC Heap History (16 events):
Event: 8.654 GC heap before
{Heap before GC invocations=0 (full 0):
 garbage-first heap   total 260096K, used 26624K [0x0000000080000000, 0x0000000100000000)
  region size 1024K, 23 young (23552K), 0 survivors (0K)
 Metaspace       used 3156K, committed 3328K, reserved 491520K
  class space    used 394K, committed 448K, reserved 425984K
}
Event: 9.058 GC heap after
{Heap after GC invocations=1 (full 0):
 garbage-first heap   total 260096K, used 10154K [0x0000000080000000, 0x0000000100000000)
  region size 1024K, 3 young (3072K), 3 survivors (3072K)
 Metaspace       used 3156K, committed 3328K, reserved 491520K
  class space    used 394K, committed 448K, reserved 425984K
}
Event: 12.523 GC heap before
{Heap before GC invocations=1 (full 0):
 garbage-first heap   total 260096K, used 38826K [0x0000000080000000, 0x0000000100000000)
  region size 1024K, 31 young (31744K), 3 survivors (3072K)
 Metaspace       used 4073K, committed 4224K, reserved 491520K
  class space    used 489K, committed 576K, reserved 425984K
}
Event: 12.531 GC heap after
{Heap after GC invocations=2 (full 0):
 garbage-first heap   total 260096K, used 15041K [0x0000000080000000, 0x0000000100000000)
  region size 1024K, 4 young (4096K), 4 survivors (4096K)
 Metaspace       used 4073K, committed 4224K, reserved 491520K
  class space    used 489K, committed 576K, reserved 425984K
}
Event: 23.214 GC heap before
{Heap before GC invocations=2 (full 0):
 garbage-first heap   total 260096K, used 102081K [0x0000000080000000, 0x0000000100000000)
  region size 1024K, 90 young (92160K), 4 survivors (4096K)
 Metaspace       used 20811K, committed 21504K, reserved 491520K
  class space    used 3046K, committed 3392K, reserved 425984K
}
Event: 23.247 GC heap after
{Heap after GC invocations=3 (full 0):
 garbage-first heap   total 260096K, used 23262K [0x0000000080000000, 0x0000000100000000)
  region size 1024K, 13 young (13312K), 13 survivors (13312K)
 Metaspace       used 20811K, committed 21504K, reserved 491520K
  class space    used 3046K, committed 3392K, reserved 425984K
}
Event: 27.199 GC heap before
{Heap before GC invocations=4 (full 0):
 garbage-first heap   total 92160K, used 65246K [0x0000000080000000, 0x0000000100000000)
  region size 1024K, 54 young (55296K), 13 survivors (13312K)
 Metaspace       used 26576K, committed 27712K, reserved 491520K
  class space    used 4011K, committed 4544K, reserved 425984K
}
Event: 27.212 GC heap after
{Heap after GC invocations=5 (full 0):
 garbage-first heap   total 92160K, used 26355K [0x0000000080000000, 0x0000000100000000)
  region size 1024K, 3 young (3072K), 3 survivors (3072K)
 Metaspace       used 26576K, committed 27712K, reserved 491520K
  class space    used 4011K, committed 4544K, reserved 425984K
}
Event: 30.562 GC heap before
{Heap before GC invocations=5 (full 0):
 garbage-first heap   total 92160K, used 72435K [0x0000000080000000, 0x0000000100000000)
  region size 1024K, 49 young (50176K), 3 survivors (3072K)
 Metaspace       used 33081K, committed 34304K, reserved 491520K
  class space    used 4709K, committed 5312K, reserved 425984K
}
Event: 30.568 GC heap after
{Heap after GC invocations=6 (full 0):
 garbage-first heap   total 92160K, used 31509K [0x0000000080000000, 0x0000000100000000)
  region size 1024K, 7 young (7168K), 7 survivors (7168K)
 Metaspace       used 33081K, committed 34304K, reserved 491520K
  class space    used 4709K, committed 5312K, reserved 425984K
}
Event: 103.495 GC heap before
{Heap before GC invocations=6 (full 0):
 garbage-first heap   total 92160K, used 55061K [0x0000000080000000, 0x0000000100000000)
  region size 1024K, 28 young (28672K), 7 survivors (7168K)
 Metaspace       used 35065K, committed 36288K, reserved 491520K
  class space    used 4893K, committed 5504K, reserved 425984K
}
Event: 103.505 GC heap after
{Heap after GC invocations=7 (full 0):
 garbage-first heap   total 92160K, used 33647K [0x0000000080000000, 0x0000000100000000)
  region size 1024K, 3 young (3072K), 3 survivors (3072K)
 Metaspace       used 35065K, committed 36288K, reserved 491520K
  class space    used 4893K, committed 5504K, reserved 425984K
}
Event: 110.407 GC heap before
{Heap before GC invocations=8 (full 0):
 garbage-first heap   total 92160K, used 77679K [0x0000000080000000, 0x0000000100000000)
  region size 1024K, 46 young (47104K), 3 survivors (3072K)
 Metaspace       used 39517K, committed 41024K, reserved 491520K
  class space    used 5524K, committed 6272K, reserved 425984K
}
Event: 110.412 GC heap after
{Heap after GC invocations=9 (full 0):
 garbage-first heap   total 92160K, used 36284K [0x0000000080000000, 0x0000000100000000)
  region size 1024K, 5 young (5120K), 5 survivors (5120K)
 Metaspace       used 39517K, committed 41024K, reserved 491520K
  class space    used 5524K, committed 6272K, reserved 425984K
}
Event: 119.293 GC heap before
{Heap before GC invocations=9 (full 0):
 garbage-first heap   total 92160K, used 79292K [0x0000000080000000, 0x0000000100000000)
  region size 1024K, 47 young (48128K), 5 survivors (5120K)
 Metaspace       used 44991K, committed 46592K, reserved 491520K
  class space    used 6363K, committed 7168K, reserved 425984K
}
Event: 119.301 GC heap after
{Heap after GC invocations=10 (full 0):
 garbage-first heap   total 92160K, used 38264K [0x0000000080000000, 0x0000000100000000)
  region size 1024K, 6 young (6144K), 6 survivors (6144K)
 Metaspace       used 44991K, committed 46592K, reserved 491520K
  class space    used 6363K, committed 7168K, reserved 425984K
}

