# JRE version: Java(TM) SE Runtime Environment (21.0.1+12) (build 21.0.1+12-LTS-29)
# Java VM: Java HotSpot(TM) 64-Bit Server VM (21.0.1+12-LTS-29, mixed mode, sharing, tiered, compressed oops, compressed class ptrs, g1 gc, windows-amd64)
GC Precious Log:
 CardTable entry size: 512
 Card Set container configuration: InlinePtr #cards 5 size 8 Array Of Cards #cards 12 size 40 Howl #buckets 4 coarsen threshold 1843 Howl Bitmap #cards 512 size 80 coarsen threshold 460 Card regions per heap region 1 cards per card region 2048
 CPUs: 8 total, 8 available
 Memory: 16193M
 Large Page Support: Disabled
 NUMA Support: Disabled
 Compressed Oops: Enabled (32-bit)
 Heap Region Size: 1M
 Heap Min Capacity: 8M
 Heap Initial Capacity: 254M
 Heap Max Capacity: 2G
 Pre-touch: Disabled
 Parallel Workers: 8
 Concurrent Workers: 2
 Concurrent Refinement Workers: 8
 Periodic GC: Disabled
Heap:
 garbage-first heap   total 86016K, used 80556K [0x0000000080000000, 0x0000000100000000)
  region size 1024K, 41 young (41984K), 4 survivors (4096K)
 Metaspace       used 47547K, committed 49152K, reserved 491520K
  class space    used 6671K, committed 7488K, reserved 425984K
GC Heap History (17 events):
Event: 7.109 GC heap before
{Heap before GC invocations=0 (full 0):
 garbage-first heap   total 260096K, used 26624K [0x0000000080000000, 0x0000000100000000)
  region size 1024K, 23 young (23552K), 0 survivors (0K)
 Metaspace       used 3153K, committed 3328K, reserved 491520K
  class space    used 394K, committed 448K, reserved 425984K
}
Event: 7.629 GC heap after
{Heap after GC invocations=1 (full 0):
 garbage-first heap   total 260096K, used 10154K [0x0000000080000000, 0x0000000100000000)
  region size 1024K, 3 young (3072K), 3 survivors (3072K)
 Metaspace       used 3153K, committed 3328K, reserved 491520K
  class space    used 394K, committed 448K, reserved 425984K
}
Event: 10.834 GC heap before
{Heap before GC invocations=1 (full 0):
 garbage-first heap   total 260096K, used 38826K [0x0000000080000000, 0x0000000100000000)
  region size 1024K, 31 young (31744K), 3 survivors (3072K)
 Metaspace       used 4079K, committed 4224K, reserved 491520K
  class space    used 491K, committed 576K, reserved 425984K
}
Event: 10.837 GC heap after
{Heap after GC invocations=2 (full 0):
 garbage-first heap   total 260096K, used 14425K [0x0000000080000000, 0x0000000100000000)
  region size 1024K, 4 young (4096K), 4 survivors (4096K)
 Metaspace       used 4079K, committed 4224K, reserved 491520K
  class space    used 491K, committed 576K, reserved 425984K
}
Event: 20.080 GC heap before
{Heap before GC invocations=2 (full 0):
 garbage-first heap   total 260096K, used 102489K [0x0000000080000000, 0x0000000100000000)
  region size 1024K, 91 young (93184K), 4 survivors (4096K)
 Metaspace       used 20849K, committed 21504K, reserved 491520K
  class space    used 3053K, committed 3392K, reserved 425984K
}
Event: 20.122 GC heap after
{Heap after GC invocations=3 (full 0):
 garbage-first heap   total 260096K, used 22836K [0x0000000080000000, 0x0000000100000000)
  region size 1024K, 13 young (13312K), 13 survivors (13312K)
 Metaspace       used 20849K, committed 21504K, reserved 491520K
  class space    used 3053K, committed 3392K, reserved 425984K
}
Event: 23.626 GC heap before
{Heap before GC invocations=4 (full 0):
 garbage-first heap   total 86016K, used 60724K [0x0000000080000000, 0x0000000100000000)
  region size 1024K, 50 young (51200K), 13 survivors (13312K)
 Metaspace       used 25853K, committed 27008K, reserved 491520K
  class space    used 3908K, committed 4480K, reserved 425984K
}
Event: 23.633 GC heap after
{Heap after GC invocations=5 (full 0):
 garbage-first heap   total 86016K, used 25029K [0x0000000080000000, 0x0000000100000000)
  region size 1024K, 3 young (3072K), 3 survivors (3072K)
 Metaspace       used 25853K, committed 27008K, reserved 491520K
  class space    used 3908K, committed 4480K, reserved 425984K
}
Event: 26.993 GC heap before
{Heap before GC invocations=5 (full 0):
 garbage-first heap   total 86016K, used 68037K [0x0000000080000000, 0x0000000100000000)
  region size 1024K, 45 young (46080K), 3 survivors (3072K)
 Metaspace       used 32536K, committed 33792K, reserved 491520K
  class space    used 4640K, committed 5248K, reserved 425984K
}
Event: 26.997 GC heap after
{Heap after GC invocations=6 (full 0):
 garbage-first heap   total 86016K, used 29647K [0x0000000080000000, 0x0000000100000000)
  region size 1024K, 6 young (6144K), 6 survivors (6144K)
 Metaspace       used 32536K, committed 33792K, reserved 491520K
  class space    used 4640K, committed 5248K, reserved 425984K
}
Event: 32.203 GC heap before
{Heap before GC invocations=6 (full 0):
 garbage-first heap   total 86016K, used 55247K [0x0000000080000000, 0x0000000100000000)
  region size 1024K, 30 young (30720K), 6 survivors (6144K)
 Metaspace       used 34759K, committed 35968K, reserved 491520K
  class space    used 4843K, committed 5440K, reserved 425984K
}
Event: 32.209 GC heap after
{Heap after GC invocations=7 (full 0):
 garbage-first heap   total 86016K, used 32848K [0x0000000080000000, 0x0000000100000000)
  region size 1024K, 3 young (3072K), 3 survivors (3072K)
 Metaspace       used 34759K, committed 35968K, reserved 491520K
  class space    used 4843K, committed 5440K, reserved 425984K
}
Event: 107.534 GC heap before
{Heap before GC invocations=8 (full 0):
 garbage-first heap   total 86016K, used 71760K [0x0000000080000000, 0x0000000100000000)
  region size 1024K, 41 young (41984K), 3 survivors (3072K)
 Metaspace       used 38395K, committed 39808K, reserved 491520K
  class space    used 5327K, committed 6016K, reserved 425984K
}
Event: 107.538 GC heap after
{Heap after GC invocations=9 (full 0):
 garbage-first heap   total 86016K, used 35309K [0x0000000080000000, 0x0000000100000000)
  region size 1024K, 6 young (6144K), 6 survivors (6144K)
 Metaspace       used 38395K, committed 39808K, reserved 491520K
  class space    used 5327K, committed 6016K, reserved 425984K
}
Event: 112.587 GC heap before
{Heap before GC invocations=9 (full 0):
 garbage-first heap   total 86016K, used 72173K [0x0000000080000000, 0x0000000100000000)
  region size 1024K, 42 young (43008K), 6 survivors (6144K)
 Metaspace       used 42962K, committed 44544K, reserved 491520K
  class space    used 6074K, committed 6848K, reserved 425984K
}
Event: 112.595 GC heap after
{Heap after GC invocations=10 (full 0):
 garbage-first heap   total 86016K, used 36524K [0x0000000080000000, 0x0000000100000000)
  region size 1024K, 5 young (5120K), 5 survivors (5120K)
 Metaspace       used 42962K, committed 44544K, reserved 491520K
  class space    used 6074K, committed 6848K, reserved 425984K
}
Event: 117.947 GC heap before
{Heap before GC invocations=10 (full 0):
 garbage-first heap   total 86016K, used 80556K [0x0000000080000000, 0x0000000100000000)
  region size 1024K, 42 young (43008K), 5 survivors (5120K)
 Metaspace       used 47547K, committed 49152K, reserved 491520K
  class space    used 6671K, committed 7488K, reserved 425984K
}

