# JRE version: Java(TM) SE Runtime Environment (21.0.1+12) (build 21.0.1+12-LTS-29)
# Java VM: Java HotSpot(TM) 64-Bit Server VM (21.0.1+12-LTS-29, mixed mode, sharing, tiered, compressed oops, compressed class ptrs, g1 gc, windows-amd64)
GC Precious Log:
 CardTable entry size: 512
 Card Set container configuration: InlinePtr #cards 5 size 8 Array Of Cards #cards 12 size 40 Howl #buckets 4 coarsen threshold 1843 Howl Bitmap #cards 512 size 80 coarsen threshold 460 Card regions per heap region 1 cards per card region 2048
 CPUs: 8 total, 8 available
 Memory: 16193M
 Large Page Support: Disabled
 NUMA Support: Disabled
 Compressed Oops: Enabled (32-bit)
 Heap Region Size: 1M
 Heap Min Capacity: 8M
 Heap Initial Capacity: 254M
 Heap Max Capacity: 2G
 Pre-touch: Disabled
 Parallel Workers: 8
 Concurrent Workers: 2
 Concurrent Refinement Workers: 8
 Periodic GC: Disabled
Heap:
 garbage-first heap   total 89088K, used 79751K [0x0000000080000000, 0x0000000100000000)
  region size 1024K, 42 young (43008K), 6 survivors (6144K)
 Metaspace       used 47308K, committed 49024K, reserved 491520K
  class space    used 6647K, committed 7488K, reserved 425984K
GC Heap History (16 events):
Event: 5.890 GC heap before
{Heap before GC invocations=0 (full 0):
 garbage-first heap   total 260096K, used 26624K [0x0000000080000000, 0x0000000100000000)
  region size 1024K, 23 young (23552K), 0 survivors (0K)
 Metaspace       used 3181K, committed 3328K, reserved 491520K
  class space    used 394K, committed 448K, reserved 425984K
}
Event: 6.477 GC heap after
{Heap after GC invocations=1 (full 0):
 garbage-first heap   total 260096K, used 10154K [0x0000000080000000, 0x0000000100000000)
  region size 1024K, 3 young (3072K), 3 survivors (3072K)
 Metaspace       used 3181K, committed 3328K, reserved 491520K
  class space    used 394K, committed 448K, reserved 425984K
}
Event: 9.543 GC heap before
{Heap before GC invocations=1 (full 0):
 garbage-first heap   total 260096K, used 37802K [0x0000000080000000, 0x0000000100000000)
  region size 1024K, 30 young (30720K), 3 survivors (3072K)
 Metaspace       used 4073K, committed 4224K, reserved 491520K
  class space    used 489K, committed 576K, reserved 425984K
}
Event: 9.546 GC heap after
{Heap after GC invocations=2 (full 0):
 garbage-first heap   total 260096K, used 14252K [0x0000000080000000, 0x0000000100000000)
  region size 1024K, 4 young (4096K), 4 survivors (4096K)
 Metaspace       used 4073K, committed 4224K, reserved 491520K
  class space    used 489K, committed 576K, reserved 425984K
}
Event: 21.264 GC heap before
{Heap before GC invocations=2 (full 0):
 garbage-first heap   total 260096K, used 103340K [0x0000000080000000, 0x0000000100000000)
  region size 1024K, 92 young (94208K), 4 survivors (4096K)
 Metaspace       used 20794K, committed 21504K, reserved 491520K
  class space    used 3042K, committed 3392K, reserved 425984K
}
Event: 21.281 GC heap after
{Heap after GC invocations=3 (full 0):
 garbage-first heap   total 260096K, used 22786K [0x0000000080000000, 0x0000000100000000)
  region size 1024K, 13 young (13312K), 13 survivors (13312K)
 Metaspace       used 20794K, committed 21504K, reserved 491520K
  class space    used 3042K, committed 3392K, reserved 425984K
}
Event: 22.864 GC heap before
{Heap before GC invocations=4 (full 0):
 garbage-first heap   total 89088K, used 62722K [0x0000000080000000, 0x0000000100000000)
  region size 1024K, 52 young (53248K), 13 survivors (13312K)
 Metaspace       used 26344K, committed 27520K, reserved 491520K
  class space    used 3969K, committed 4544K, reserved 425984K
}
Event: 22.872 GC heap after
{Heap after GC invocations=5 (full 0):
 garbage-first heap   total 89088K, used 25087K [0x0000000080000000, 0x0000000100000000)
  region size 1024K, 3 young (3072K), 3 survivors (3072K)
 Metaspace       used 26344K, committed 27520K, reserved 491520K
  class space    used 3969K, committed 4544K, reserved 425984K
}
Event: 24.523 GC heap before
{Heap before GC invocations=5 (full 0):
 garbage-first heap   total 89088K, used 71167K [0x0000000080000000, 0x0000000100000000)
  region size 1024K, 48 young (49152K), 3 survivors (3072K)
 Metaspace       used 32909K, committed 34176K, reserved 491520K
  class space    used 4694K, committed 5312K, reserved 425984K
}
Event: 24.528 GC heap after
{Heap after GC invocations=6 (full 0):
 garbage-first heap   total 89088K, used 30328K [0x0000000080000000, 0x0000000100000000)
  region size 1024K, 6 young (6144K), 6 survivors (6144K)
 Metaspace       used 32909K, committed 34176K, reserved 491520K
  class space    used 4694K, committed 5312K, reserved 425984K
}
Event: 35.048 GC heap before
{Heap before GC invocations=6 (full 0):
 garbage-first heap   total 89088K, used 50808K [0x0000000080000000, 0x0000000100000000)
  region size 1024K, 24 young (24576K), 6 survivors (6144K)
 Metaspace       used 34746K, committed 35968K, reserved 491520K
  class space    used 4847K, committed 5440K, reserved 425984K
}
Event: 35.054 GC heap after
{Heap after GC invocations=7 (full 0):
 garbage-first heap   total 89088K, used 33904K [0x0000000080000000, 0x0000000100000000)
  region size 1024K, 3 young (3072K), 3 survivors (3072K)
 Metaspace       used 34746K, committed 35968K, reserved 491520K
  class space    used 4847K, committed 5440K, reserved 425984K
}
Event: 101.635 GC heap before
{Heap before GC invocations=8 (full 0):
 garbage-first heap   total 89088K, used 72816K [0x0000000080000000, 0x0000000100000000)
  region size 1024K, 41 young (41984K), 3 survivors (3072K)
 Metaspace       used 38661K, committed 40064K, reserved 491520K
  class space    used 5351K, committed 6016K, reserved 425984K
}
Event: 101.639 GC heap after
{Heap after GC invocations=9 (full 0):
 garbage-first heap   total 89088K, used 35392K [0x0000000080000000, 0x0000000100000000)
  region size 1024K, 5 young (5120K), 5 survivors (5120K)
 Metaspace       used 38661K, committed 40064K, reserved 491520K
  class space    used 5351K, committed 6016K, reserved 425984K
}
Event: 107.773 GC heap before
{Heap before GC invocations=9 (full 0):
 garbage-first heap   total 89088K, used 74304K [0x0000000080000000, 0x0000000100000000)
  region size 1024K, 43 young (44032K), 5 survivors (5120K)
 Metaspace       used 43338K, committed 44928K, reserved 491520K
  class space    used 6123K, committed 6912K, reserved 425984K
}
Event: 107.778 GC heap after
{Heap after GC invocations=10 (full 0):
 garbage-first heap   total 89088K, used 37767K [0x0000000080000000, 0x0000000100000000)
  region size 1024K, 6 young (6144K), 6 survivors (6144K)
 Metaspace       used 43338K, committed 44928K, reserved 491520K
  class space    used 6123K, committed 6912K, reserved 425984K
}

